<?xml version="1.0" encoding="UTF-8"?>
<!-- Generated by org.testng.reporters.JUnitReportReporter -->
<testsuite hostname="DESKTOP-V1UB775" failures="0" tests="1" name="Nasdean.JIRA_API_Automation.JiraAutomation" time="5.361" errors="0" timestamp="2023-02-05T23:19:34 SGT" skipped="0">
  <testcase classname="Nasdean.JIRA_API_Automation.JiraAutomation" name="logInAPI" time="5.361"/>
  <system-out/>
</testsuite> <!-- Nasdean.JIRA_API_Automation.JiraAutomation -->
